2022-05-19 19:05:592 INFO  ManageDriver :29 - Launching Chrome Browser
2022-05-19 19:05:475 INFO  ManageDriver :29 - Launching Chrome Browser
2022-05-19 19:05:592 INFO  ManageDriver :29 - Launching Chrome Browser
2022-05-19 19:05:749 INFO  HomePage :28 - Hovering on 'Buy + Sell' : [[ChromeDriver: chrome on WINDOWS (ba315a43cd099903f8918dfd77dce65d)] -> xpath: //a[normalize-space()='buy + sell']]
2022-05-19 19:05:965 INFO  HomePage :32 - Clicking on Search Cars : [[ChromeDriver: chrome on WINDOWS (ba315a43cd099903f8918dfd77dce65d)] -> xpath: //a[normalize-space()='Search Cars']]
2022-05-19 19:05:842 INFO  ManageDriver :29 - Launching Chrome Browser
2022-05-19 19:05:908 INFO  ManageDriver :29 - Launching Chrome Browser
2022-05-19 19:05:475 INFO  ManageDriver :29 - Launching Chrome Browser
2022-05-19 19:05:292 INFO  ManageDriver :29 - Launching Chrome Browser
2022-05-19 19:05:350 INFO  HomePage :28 - Hovering on 'Buy + Sell' : [[ChromeDriver: chrome on WINDOWS (0be8eda113a9ca353654665888512bb7)] -> xpath: //a[normalize-space()='buy + sell']]
2022-05-19 19:05:275 INFO  ManageDriver :29 - Launching Chrome Browser
2022-05-19 19:05:707 INFO  HomePage :28 - Hovering on 'Buy + Sell' : [[ChromeDriver: chrome on WINDOWS (929efa55453a7b7204212e1387e2b9e5)] -> xpath: //a[normalize-space()='buy + sell']]
2022-05-19 19:05:608 INFO  ManageDriver :29 - Launching Chrome Browser
2022-05-19 19:05:258 INFO  ManageDriver :29 - Launching Chrome Browser
2022-05-19 19:05:858 INFO  ManageDriver :29 - Launching Chrome Browser
2022-05-19 19:05:675 INFO  HomePage :28 - Hovering on 'Buy + Sell' : [[ChromeDriver: chrome on WINDOWS (78d7db5bdb9f9c6a8eecdc7d0e290866)] -> xpath: //a[normalize-space()='buy + sell']]
2022-05-19 19:05:575 INFO  ManageDriver :29 - Launching Chrome Browser
2022-05-19 23:05:765 INFO  ManageDriver :29 - Launching Chrome Browser
2022-05-19 23:05:792 INFO  ManageDriver :29 - Launching Chrome Browser
2022-05-19 23:05:418 INFO  HomePage :28 - Hovering on 'Buy + Sell' : [[ChromeDriver: chrome on WINDOWS (791dae086fbb385349b856dc01b44c9d)] -> xpath: //a[normalize-space()='buy + sell']]
2022-05-19 23:05:623 INFO  HomePage :32 - Clicking on Search Cars : [[ChromeDriver: chrome on WINDOWS (791dae086fbb385349b856dc01b44c9d)] -> xpath: //a[normalize-space()='Search Cars']]
2022-05-19 23:05:437 INFO  ManageDriver :29 - Launching Chrome Browser
2022-05-19 23:05:687 INFO  ManageDriver :29 - Launching Chrome Browser
2022-05-19 23:05:54 INFO  ManageDriver :29 - Launching Chrome Browser
2022-05-19 23:05:61 INFO  HomePage :28 - Hovering on 'Buy + Sell' : [[ChromeDriver: chrome on WINDOWS (4731146383f0cf32e1c0887297dfce04)] -> xpath: //a[normalize-space()='buy + sell']]
2022-05-19 23:05:302 INFO  HomePage :32 - Clicking on Search Cars : [[ChromeDriver: chrome on WINDOWS (4731146383f0cf32e1c0887297dfce04)] -> xpath: //a[normalize-space()='Search Cars']]
2022-05-19 23:05:137 INFO  ManageDriver :29 - Launching Chrome Browser
2022-05-19 23:05:193 INFO  HomePage :28 - Hovering on 'Buy + Sell' : [[ChromeDriver: chrome on WINDOWS (955ec60b9e181189c4262e73ec9f2177)] -> xpath: //a[normalize-space()='buy + sell']]
2022-05-19 23:05:358 INFO  HomePage :32 - Clicking on Search Cars : [[ChromeDriver: chrome on WINDOWS (955ec60b9e181189c4262e73ec9f2177)] -> xpath: //a[normalize-space()='Search Cars']]
2022-05-19 23:05:187 INFO  ManageDriver :29 - Launching Chrome Browser
2022-05-19 23:05:487 INFO  HomePage :28 - Hovering on 'Buy + Sell' : [[ChromeDriver: chrome on WINDOWS (ea1a3159c12e42395e608ce39f2a90bf)] -> xpath: //a[normalize-space()='buy + sell']]
2022-05-19 23:05:271 INFO  ManageDriver :29 - Launching Chrome Browser
2022-05-19 23:05:400 INFO  HomePage :28 - Hovering on 'Buy + Sell' : [[ChromeDriver: chrome on WINDOWS (185f8bb0093b916aff8f41156e88678f)] -> xpath: //a[normalize-space()='buy + sell']]
2022-05-19 23:05:237 INFO  ManageDriver :29 - Launching Chrome Browser
2022-05-19 23:05:283 INFO  HomePage :28 - Hovering on 'Buy + Sell' : [[ChromeDriver: chrome on WINDOWS (98a064c044f1c5d00b0aa243a365d283)] -> xpath: //a[normalize-space()='buy + sell']]
2022-05-19 23:05:104 INFO  ManageDriver :29 - Launching Chrome Browser
2022-05-19 23:05:554 INFO  ManageDriver :29 - Launching Chrome Browser
2022-05-19 23:05:904 INFO  ManageDriver :29 - Launching Chrome Browser
2022-05-19 23:05:96 INFO  HomePage :28 - Hovering on 'Buy + Sell' : [[ChromeDriver: chrome on WINDOWS (ca0cb334f360bef2a719074d1a18d3a5)] -> xpath: //a[normalize-space()='buy + sell']]
2022-05-20 00:05:954 INFO  ManageDriver :29 - Launching Chrome Browser
2022-05-20 00:05:43 INFO  HomePage :35 - Hovering on 'Buy + Sell' : [[ChromeDriver: chrome on WINDOWS (2c85a0b46f52b7600c121f24e415ede9)] -> xpath: //a[normalize-space()='buy + sell']]
2022-05-20 00:05:181 INFO  HomePage :39 - Clicking on Search Cars : [[ChromeDriver: chrome on WINDOWS (2c85a0b46f52b7600c121f24e415ede9)] -> xpath: //a[normalize-space()='Search Cars']]
2022-05-20 00:05:288 INFO  SearchCarsPage :37 - Selecting from Make field : [[ChromeDriver: chrome on WINDOWS (2c85a0b46f52b7600c121f24e415ede9)] -> xpath: //select[@id='makes']]
2022-05-20 00:05:409 INFO  SearchCarsPage :42 - Selecting from Model field : [[ChromeDriver: chrome on WINDOWS (2c85a0b46f52b7600c121f24e415ede9)] -> xpath: //select[@id='models']]
2022-05-20 00:05:604 INFO  ManageDriver :29 - Launching Chrome Browser
2022-05-20 00:05:21 INFO  ManageDriver :29 - Launching Chrome Browser
2022-05-20 00:05:271 INFO  ManageDriver :29 - Launching Chrome Browser
2022-05-20 00:05:430 INFO  HomePage :35 - Hovering on 'Buy + Sell' : [[ChromeDriver: chrome on WINDOWS (14ab4176adb15e0ff14002837d1560f8)] -> xpath: //a[normalize-space()='buy + sell']]
2022-05-20 00:05:584 INFO  HomePage :39 - Clicking on Search Cars : [[ChromeDriver: chrome on WINDOWS (14ab4176adb15e0ff14002837d1560f8)] -> xpath: //a[normalize-space()='Search Cars']]
2022-05-20 00:05:685 INFO  SearchCarsPage :37 - Selecting from Make field : [[ChromeDriver: chrome on WINDOWS (14ab4176adb15e0ff14002837d1560f8)] -> xpath: //select[@id='makes']]
2022-05-20 00:05:884 INFO  ManageDriver :29 - Launching Chrome Browser
2022-05-20 00:05:216 INFO  HomePage :35 - Hovering on 'Buy + Sell' : [[ChromeDriver: chrome on WINDOWS (f8029b646628ead779deaa2517bd63ce)] -> xpath: //a[normalize-space()='buy + sell']]
2022-05-20 00:05:386 INFO  HomePage :39 - Clicking on Search Cars : [[ChromeDriver: chrome on WINDOWS (f8029b646628ead779deaa2517bd63ce)] -> xpath: //a[normalize-space()='Search Cars']]
2022-05-20 00:05:505 INFO  SearchCarsPage :37 - Selecting from Make field : [[ChromeDriver: chrome on WINDOWS (f8029b646628ead779deaa2517bd63ce)] -> xpath: //select[@id='makes']]
2022-05-20 00:05:886 INFO  SearchCarsPage :42 - Selecting from Model field : [[ChromeDriver: chrome on WINDOWS (f8029b646628ead779deaa2517bd63ce)] -> xpath: //select[@id='models']]
2022-05-20 00:05:921 INFO  ManageDriver :29 - Launching Chrome Browser
2022-05-20 00:05:604 INFO  ManageDriver :29 - Launching Chrome Browser
2022-05-20 00:05:704 INFO  ManageDriver :29 - Launching Chrome Browser
2022-05-20 00:05:938 INFO  HomePage :35 - Hovering on 'Buy + Sell' : [[ChromeDriver: chrome on WINDOWS (017068e63f2b4dca5e159304b1b0c59c)] -> xpath: //a[normalize-space()='buy + sell']]
2022-05-20 00:05:70 INFO  HomePage :30 - Clicking on used cars : [[ChromeDriver: chrome on WINDOWS (017068e63f2b4dca5e159304b1b0c59c)] -> xpath: //a[normalize-space()='Used']]
2022-05-20 00:05:830 INFO  SearchCarsPage :37 - Selecting from Make field : [[ChromeDriver: chrome on WINDOWS (017068e63f2b4dca5e159304b1b0c59c)] -> xpath: //select[@id='makes']]
2022-05-20 00:05:984 INFO  SearchCarsPage :42 - Selecting from Model field : [[ChromeDriver: chrome on WINDOWS (017068e63f2b4dca5e159304b1b0c59c)] -> xpath: //select[@id='models']]
2022-05-20 00:05:84 INFO  SearchCarsPage :47 - Selecting from Location field : [[ChromeDriver: chrome on WINDOWS (017068e63f2b4dca5e159304b1b0c59c)] -> xpath: //select[@id='locations']]
2022-05-20 00:05:175 INFO  SearchCarsPage :52 - Selecting from Price field : [[ChromeDriver: chrome on WINDOWS (017068e63f2b4dca5e159304b1b0c59c)] -> xpath: //select[@id='priceTo']]
2022-05-20 00:05:554 INFO  SearchCarsPage :57 - Clicking on Find My Next Car Button : [[ChromeDriver: chrome on WINDOWS (017068e63f2b4dca5e159304b1b0c59c)] -> xpath: //input[@id='search-submit']]
2022-05-20 00:05:737 INFO  ResultPage :24 - Getting text : [[ChromeDriver: chrome on WINDOWS (017068e63f2b4dca5e159304b1b0c59c)] -> xpath: //input[@id='uhf-make']]
2022-05-20 00:05:61 INFO  ManageDriver :29 - Launching Chrome Browser
2022-05-20 00:05:150 INFO  HomePage :35 - Hovering on 'Buy + Sell' : [[ChromeDriver: chrome on WINDOWS (e1012f80911963b03891c788a83e899b)] -> xpath: //a[normalize-space()='buy + sell']]
2022-05-20 00:05:279 INFO  HomePage :30 - Clicking on used cars : [[ChromeDriver: chrome on WINDOWS (e1012f80911963b03891c788a83e899b)] -> xpath: //a[normalize-space()='Used']]
2022-05-20 00:05:16 INFO  SearchCarsPage :37 - Selecting from Make field : [[ChromeDriver: chrome on WINDOWS (e1012f80911963b03891c788a83e899b)] -> xpath: //select[@id='makes']]
2022-05-20 00:05:145 INFO  SearchCarsPage :42 - Selecting from Model field : [[ChromeDriver: chrome on WINDOWS (e1012f80911963b03891c788a83e899b)] -> xpath: //select[@id='models']]
2022-05-20 00:05:251 INFO  SearchCarsPage :47 - Selecting from Location field : [[ChromeDriver: chrome on WINDOWS (e1012f80911963b03891c788a83e899b)] -> xpath: //select[@id='locations']]
2022-05-20 00:05:335 INFO  SearchCarsPage :52 - Selecting from Price field : [[ChromeDriver: chrome on WINDOWS (e1012f80911963b03891c788a83e899b)] -> xpath: //select[@id='priceTo']]
2022-05-20 00:05:760 INFO  SearchCarsPage :57 - Clicking on Find My Next Car Button : [[ChromeDriver: chrome on WINDOWS (e1012f80911963b03891c788a83e899b)] -> xpath: //input[@id='search-submit']]
2022-05-20 00:05:60 INFO  ManageDriver :29 - Launching Chrome Browser
2022-05-20 00:05:968 INFO  HomePage :35 - Hovering on 'Buy + Sell' : [[ChromeDriver: chrome on WINDOWS (0f92d07afd21700ea6f49a9624bc375d)] -> xpath: //a[normalize-space()='buy + sell']]
2022-05-20 00:05:324 INFO  HomePage :30 - Clicking on used cars : [[ChromeDriver: chrome on WINDOWS (0f92d07afd21700ea6f49a9624bc375d)] -> xpath: //a[normalize-space()='Used']]
2022-05-20 00:05:539 INFO  SearchCarsPage :37 - Selecting from Make field : [[ChromeDriver: chrome on WINDOWS (0f92d07afd21700ea6f49a9624bc375d)] -> xpath: //select[@id='makes']]
2022-05-20 00:05:639 INFO  SearchCarsPage :42 - Selecting from Model field : [[ChromeDriver: chrome on WINDOWS (0f92d07afd21700ea6f49a9624bc375d)] -> xpath: //select[@id='models']]
2022-05-20 00:05:745 INFO  SearchCarsPage :47 - Selecting from Location field : [[ChromeDriver: chrome on WINDOWS (0f92d07afd21700ea6f49a9624bc375d)] -> xpath: //select[@id='locations']]
2022-05-20 00:05:843 INFO  SearchCarsPage :52 - Selecting from Price field : [[ChromeDriver: chrome on WINDOWS (0f92d07afd21700ea6f49a9624bc375d)] -> xpath: //select[@id='priceTo']]
2022-05-20 00:05:704 INFO  SearchCarsPage :57 - Clicking on Find My Next Car Button : [[ChromeDriver: chrome on WINDOWS (0f92d07afd21700ea6f49a9624bc375d)] -> xpath: //input[@id='search-submit']]
2022-05-20 00:05:894 INFO  ResultPage :24 - Getting text : [[ChromeDriver: chrome on WINDOWS (0f92d07afd21700ea6f49a9624bc375d)] -> xpath: //input[@id='uhf-make']]
2022-05-20 00:05:54 INFO  ManageDriver :29 - Launching Chrome Browser
2022-05-20 00:05:221 INFO  ManageDriver :29 - Launching Chrome Browser
2022-05-20 00:05:449 INFO  HomePage :35 - Hovering on 'Buy + Sell' : [[ChromeDriver: chrome on WINDOWS (8414a3e7a77b199c9759ab23a7483168)] -> xpath: //a[normalize-space()='buy + sell']]
2022-05-20 00:05:596 INFO  HomePage :30 - Clicking on used cars : [[ChromeDriver: chrome on WINDOWS (8414a3e7a77b199c9759ab23a7483168)] -> xpath: //a[normalize-space()='Used']]
2022-05-20 00:05:932 INFO  SearchCarsPage :37 - Selecting from Make field : [[ChromeDriver: chrome on WINDOWS (8414a3e7a77b199c9759ab23a7483168)] -> xpath: //select[@id='makes']]
2022-05-20 19:05:495 INFO  HomePage :35 - Hovering on 'Buy + Sell' : [[FirefoxDriver: firefox on WINDOWS (314843f8-a707-43f2-ab1e-f1cc16a88105)] -> xpath: //a[normalize-space()='buy + sell']]
2022-05-20 19:05:806 INFO  HomePage :39 - Clicking on Search Cars : [[FirefoxDriver: firefox on WINDOWS (314843f8-a707-43f2-ab1e-f1cc16a88105)] -> xpath: //a[normalize-space()='Search Cars']]
2022-05-20 19:05:105 INFO  HomePage :35 - Hovering on 'Buy + Sell' : [[FirefoxDriver: firefox on WINDOWS (73e45742-3dff-41cc-be4c-78a1eee497d8)] -> xpath: //a[normalize-space()='buy + sell']]
2022-05-20 19:05:449 INFO  HomePage :39 - Clicking on Search Cars : [[FirefoxDriver: firefox on WINDOWS (73e45742-3dff-41cc-be4c-78a1eee497d8)] -> xpath: //a[normalize-space()='Search Cars']]
2022-05-20 19:05:821 INFO  HomePage :35 - Hovering on 'Buy + Sell' : [[FirefoxDriver: firefox on WINDOWS (5007c266-4d0f-4e1a-abc5-b6b8ae012c8a)] -> xpath: //a[normalize-space()='buy + sell']]
2022-05-20 19:05:173 INFO  HomePage :39 - Clicking on Search Cars : [[FirefoxDriver: firefox on WINDOWS (5007c266-4d0f-4e1a-abc5-b6b8ae012c8a)] -> xpath: //a[normalize-space()='Search Cars']]
2022-05-20 19:05:574 INFO  HomePage :35 - Hovering on 'Buy + Sell' : [[FirefoxDriver: firefox on WINDOWS (e47b6ebb-8a62-4155-90c1-214da3fcfc03)] -> xpath: //a[normalize-space()='buy + sell']]
2022-05-20 19:05:842 INFO  HomePage :39 - Clicking on Search Cars : [[FirefoxDriver: firefox on WINDOWS (e47b6ebb-8a62-4155-90c1-214da3fcfc03)] -> xpath: //a[normalize-space()='Search Cars']]
2022-05-20 19:05:774 INFO  HomePage :35 - Hovering on 'Buy + Sell' : [[FirefoxDriver: firefox on WINDOWS (9222df63-58c4-4f4c-815c-0ca5027ee79c)] -> xpath: //a[normalize-space()='buy + sell']]
2022-05-20 19:05:983 INFO  HomePage :39 - Clicking on Search Cars : [[FirefoxDriver: firefox on WINDOWS (9222df63-58c4-4f4c-815c-0ca5027ee79c)] -> xpath: //a[normalize-space()='Search Cars']]
2022-05-20 19:05:598 INFO  SearchCarsPage :37 - Selecting from Make field : [[FirefoxDriver: firefox on WINDOWS (9222df63-58c4-4f4c-815c-0ca5027ee79c)] -> xpath: //select[@id='makes']]
2022-05-20 19:05:893 INFO  SearchCarsPage :42 - Selecting from Model field : [[FirefoxDriver: firefox on WINDOWS (9222df63-58c4-4f4c-815c-0ca5027ee79c)] -> xpath: //select[@id='models']]
2022-05-20 19:05:868 INFO  HomePage :35 - Hovering on 'Buy + Sell' : [[FirefoxDriver: firefox on WINDOWS (39651a99-b392-4507-9994-667843a3aef6)] -> xpath: //a[normalize-space()='buy + sell']]
2022-05-20 19:05:26 INFO  HomePage :39 - Clicking on Search Cars : [[FirefoxDriver: firefox on WINDOWS (39651a99-b392-4507-9994-667843a3aef6)] -> xpath: //a[normalize-space()='Search Cars']]
2022-05-20 19:05:217 INFO  HomePage :35 - Hovering on 'Buy + Sell' : [[FirefoxDriver: firefox on WINDOWS (e32e124e-f5d3-49b7-a525-d7a2c793bcc9)] -> xpath: //a[normalize-space()='buy + sell']]
2022-05-20 19:05:424 INFO  HomePage :39 - Clicking on Search Cars : [[FirefoxDriver: firefox on WINDOWS (e32e124e-f5d3-49b7-a525-d7a2c793bcc9)] -> xpath: //a[normalize-space()='Search Cars']]
2022-05-20 19:05:385 INFO  HomePage :35 - Hovering on 'Buy + Sell' : [[FirefoxDriver: firefox on WINDOWS (49de3572-17a2-441d-a706-3b7cff9e82d5)] -> xpath: //a[normalize-space()='buy + sell']]
2022-05-20 19:05:347 INFO  HomePage :39 - Clicking on Search Cars : [[FirefoxDriver: firefox on WINDOWS (49de3572-17a2-441d-a706-3b7cff9e82d5)] -> xpath: //a[contains(text(),'Search Cars')]]
2022-05-20 19:05:725 INFO  SearchCarsPage :40 - Clicking on new and used cars link : [[FirefoxDriver: firefox on WINDOWS (49de3572-17a2-441d-a706-3b7cff9e82d5)] -> xpath: //label[normalize-space()='All new & used cars']]
2022-05-20 19:05:165 INFO  SearchCarsPage :44 - Selecting from Make field : [[FirefoxDriver: firefox on WINDOWS (49de3572-17a2-441d-a706-3b7cff9e82d5)] -> xpath: //select[@id='makes']]
2022-05-20 19:05:422 INFO  SearchCarsPage :49 - Selecting from Model field : [[FirefoxDriver: firefox on WINDOWS (49de3572-17a2-441d-a706-3b7cff9e82d5)] -> xpath: //select[@id='models']]
2022-05-20 19:05:675 INFO  SearchCarsPage :54 - Selecting from Location field : [[FirefoxDriver: firefox on WINDOWS (49de3572-17a2-441d-a706-3b7cff9e82d5)] -> xpath: //select[@id='locations']]
2022-05-20 19:05:932 INFO  SearchCarsPage :59 - Selecting from Price field : [[FirefoxDriver: firefox on WINDOWS (49de3572-17a2-441d-a706-3b7cff9e82d5)] -> xpath: //select[@id='priceTo']]
2022-05-20 19:05:670 INFO  SearchCarsPage :64 - Clicking on Find My Next Car Button : [[FirefoxDriver: firefox on WINDOWS (49de3572-17a2-441d-a706-3b7cff9e82d5)] -> xpath: //input[@id='search-submit']]
2022-05-20 19:05:799 INFO  ResultPage :24 - Getting text : [[FirefoxDriver: firefox on WINDOWS (49de3572-17a2-441d-a706-3b7cff9e82d5)] -> xpath: //input[@id='uhf-make']]
2022-05-20 19:05:38 INFO  HomePage :35 - Hovering on 'Buy + Sell' : [[FirefoxDriver: firefox on WINDOWS (bc270971-f381-4ca5-aad1-29d3099bbda6)] -> xpath: //a[normalize-space()='buy + sell']]
2022-05-20 19:05:291 INFO  HomePage :39 - Clicking on Search Cars : [[FirefoxDriver: firefox on WINDOWS (bc270971-f381-4ca5-aad1-29d3099bbda6)] -> xpath: //a[contains(text(),'Search Cars')]]
2022-05-20 19:05:628 INFO  SearchCarsPage :40 - Clicking on new and used cars link : [[FirefoxDriver: firefox on WINDOWS (bc270971-f381-4ca5-aad1-29d3099bbda6)] -> xpath: //label[normalize-space()='All new & used cars']]
2022-05-20 19:05:996 INFO  SearchCarsPage :44 - Selecting from Make field : [[FirefoxDriver: firefox on WINDOWS (bc270971-f381-4ca5-aad1-29d3099bbda6)] -> xpath: //select[@id='makes']]
2022-05-20 19:05:237 INFO  SearchCarsPage :49 - Selecting from Model field : [[FirefoxDriver: firefox on WINDOWS (bc270971-f381-4ca5-aad1-29d3099bbda6)] -> xpath: //select[@id='models']]
2022-05-20 19:05:477 INFO  SearchCarsPage :54 - Selecting from Location field : [[FirefoxDriver: firefox on WINDOWS (bc270971-f381-4ca5-aad1-29d3099bbda6)] -> xpath: //select[@id='locations']]
2022-05-20 19:05:714 INFO  SearchCarsPage :59 - Selecting from Price field : [[FirefoxDriver: firefox on WINDOWS (bc270971-f381-4ca5-aad1-29d3099bbda6)] -> xpath: //select[@id='priceTo']]
2022-05-20 19:05:632 INFO  SearchCarsPage :64 - Clicking on Find My Next Car Button : [[FirefoxDriver: firefox on WINDOWS (bc270971-f381-4ca5-aad1-29d3099bbda6)] -> xpath: //input[@id='search-submit']]
2022-05-20 19:05:755 INFO  ResultPage :24 - Getting text : [[FirefoxDriver: firefox on WINDOWS (bc270971-f381-4ca5-aad1-29d3099bbda6)] -> xpath: //input[@id='uhf-make']]
2022-05-20 19:05:14 INFO  HomePage :35 - Hovering on 'Buy + Sell' : [[FirefoxDriver: firefox on WINDOWS (7eb8cfdf-d57a-497b-9020-2b223029d2a1)] -> xpath: //a[normalize-space()='buy + sell']]
2022-05-20 19:05:936 INFO  HomePage :39 - Clicking on Search Cars : [[FirefoxDriver: firefox on WINDOWS (7eb8cfdf-d57a-497b-9020-2b223029d2a1)] -> xpath: //a[contains(text(),'Search Cars')]]
2022-05-20 19:05:263 INFO  SearchCarsPage :40 - Clicking on new and used cars link : [[FirefoxDriver: firefox on WINDOWS (7eb8cfdf-d57a-497b-9020-2b223029d2a1)] -> xpath: //label[normalize-space()='All new & used cars']]
2022-05-20 19:05:739 INFO  SearchCarsPage :44 - Selecting from Make field : [[FirefoxDriver: firefox on WINDOWS (7eb8cfdf-d57a-497b-9020-2b223029d2a1)] -> xpath: //select[@id='makes']]
2022-05-20 19:05:831 INFO  SearchCarsPage :49 - Selecting from Model field : [[FirefoxDriver: firefox on WINDOWS (7eb8cfdf-d57a-497b-9020-2b223029d2a1)] -> xpath: //select[@id='models']]
2022-05-20 19:05:71 INFO  SearchCarsPage :54 - Selecting from Location field : [[FirefoxDriver: firefox on WINDOWS (7eb8cfdf-d57a-497b-9020-2b223029d2a1)] -> xpath: //select[@id='locations']]
2022-05-20 19:05:309 INFO  SearchCarsPage :59 - Selecting from Price field : [[FirefoxDriver: firefox on WINDOWS (7eb8cfdf-d57a-497b-9020-2b223029d2a1)] -> xpath: //select[@id='priceTo']]
2022-05-20 19:05:863 INFO  SearchCarsPage :64 - Clicking on Find My Next Car Button : [[FirefoxDriver: firefox on WINDOWS (7eb8cfdf-d57a-497b-9020-2b223029d2a1)] -> xpath: //input[@id='search-submit']]
2022-05-20 19:05:974 INFO  ResultPage :24 - Getting text : [[FirefoxDriver: firefox on WINDOWS (7eb8cfdf-d57a-497b-9020-2b223029d2a1)] -> xpath: //input[@id='uhf-make']]
2022-05-20 19:05:104 INFO  HomePage :35 - Hovering on 'Buy + Sell' : [[FirefoxDriver: firefox on WINDOWS (b3b1d2a7-093f-4f25-af7c-c29717a84448)] -> xpath: //a[normalize-space()='buy + sell']]
2022-05-20 19:05:789 INFO  HomePage :39 - Clicking on Search Cars : [[FirefoxDriver: firefox on WINDOWS (b3b1d2a7-093f-4f25-af7c-c29717a84448)] -> xpath: //a[contains(text(),'Search Cars')]]
2022-05-20 19:05:580 INFO  HomePage :35 - Hovering on 'Buy + Sell' : [[FirefoxDriver: firefox on WINDOWS (de70831d-1bc8-4d7d-ad69-628102bb0044)] -> xpath: //a[normalize-space()='buy + sell']]
2022-05-20 19:05:600 INFO  HomePage :39 - Clicking on Search Cars : [[FirefoxDriver: firefox on WINDOWS (de70831d-1bc8-4d7d-ad69-628102bb0044)] -> xpath: //a[contains(text(),'Search Cars')]]
2022-05-20 19:05:139 INFO  SearchCarsPage :43 - Clicking on new and used cars link : [[FirefoxDriver: firefox on WINDOWS (de70831d-1bc8-4d7d-ad69-628102bb0044)] -> xpath: //label[normalize-space()='All new & used cars']]
2022-05-20 19:05:544 INFO  SearchCarsPage :51 - Selecting from Make field : [[FirefoxDriver: firefox on WINDOWS (de70831d-1bc8-4d7d-ad69-628102bb0044)] -> xpath: //select[@id='makes']]
2022-05-20 19:05:833 INFO  SearchCarsPage :56 - Selecting from Model field : [[FirefoxDriver: firefox on WINDOWS (de70831d-1bc8-4d7d-ad69-628102bb0044)] -> xpath: //select[@id='models']]
2022-05-20 19:05:92 INFO  SearchCarsPage :61 - Selecting from Location field : [[FirefoxDriver: firefox on WINDOWS (de70831d-1bc8-4d7d-ad69-628102bb0044)] -> xpath: //select[@id='locations']]
2022-05-20 19:05:449 INFO  SearchCarsPage :66 - Selecting from Price field : [[FirefoxDriver: firefox on WINDOWS (de70831d-1bc8-4d7d-ad69-628102bb0044)] -> xpath: //select[@id='priceTo']]
2022-05-20 19:05:186 INFO  SearchCarsPage :71 - Clicking on Find My Next Car Button : [[FirefoxDriver: firefox on WINDOWS (de70831d-1bc8-4d7d-ad69-628102bb0044)] -> xpath: //input[@id='search-submit']]
2022-05-20 19:05:723 INFO  HomePage :35 - Hovering on 'Buy + Sell' : [[FirefoxDriver: firefox on WINDOWS (9a81af18-5537-4b49-8e3b-6033398a8b6e)] -> xpath: //a[normalize-space()='buy + sell']]
2022-05-20 19:05:734 INFO  HomePage :39 - Clicking on Search Cars : [[FirefoxDriver: firefox on WINDOWS (9a81af18-5537-4b49-8e3b-6033398a8b6e)] -> xpath: //a[contains(text(),'Search Cars')]]
2022-05-20 19:05:68 INFO  SearchCarsPage :43 - Clicking on new and used cars link : [[FirefoxDriver: firefox on WINDOWS (9a81af18-5537-4b49-8e3b-6033398a8b6e)] -> xpath: //label[normalize-space()='All new & used cars']]
2022-05-20 19:05:485 INFO  SearchCarsPage :51 - Selecting from Make field : [[FirefoxDriver: firefox on WINDOWS (9a81af18-5537-4b49-8e3b-6033398a8b6e)] -> xpath: //select[@id='makes']]
2022-05-20 19:05:788 INFO  SearchCarsPage :56 - Selecting from Model field : [[FirefoxDriver: firefox on WINDOWS (9a81af18-5537-4b49-8e3b-6033398a8b6e)] -> xpath: //select[@id='models']]
2022-05-20 19:05:31 INFO  SearchCarsPage :61 - Selecting from Location field : [[FirefoxDriver: firefox on WINDOWS (9a81af18-5537-4b49-8e3b-6033398a8b6e)] -> xpath: //select[@id='locations']]
2022-05-20 19:05:270 INFO  SearchCarsPage :66 - Selecting from Price field : [[FirefoxDriver: firefox on WINDOWS (9a81af18-5537-4b49-8e3b-6033398a8b6e)] -> xpath: //select[@id='priceTo']]
2022-05-20 19:05:942 INFO  SearchCarsPage :71 - Clicking on Find My Next Car Button : [[FirefoxDriver: firefox on WINDOWS (9a81af18-5537-4b49-8e3b-6033398a8b6e)] -> xpath: //input[@id='search-submit']]
2022-05-20 19:05:292 INFO  HomePage :35 - Hovering on 'Buy + Sell' : [[FirefoxDriver: firefox on WINDOWS (90314fd9-4779-4c12-ba6f-9797a5c48d2d)] -> xpath: //a[normalize-space()='buy + sell']]
2022-05-20 19:05:69 INFO  HomePage :39 - Clicking on Search Cars : [[FirefoxDriver: firefox on WINDOWS (90314fd9-4779-4c12-ba6f-9797a5c48d2d)] -> xpath: //a[contains(text(),'Search Cars')]]
2022-05-20 19:05:400 INFO  SearchCarsPage :43 - Clicking on new and used cars link : [[FirefoxDriver: firefox on WINDOWS (90314fd9-4779-4c12-ba6f-9797a5c48d2d)] -> xpath: //label[normalize-space()='All new & used cars']]
2022-05-20 19:05:919 INFO  SearchCarsPage :51 - Selecting from Make field : [[FirefoxDriver: firefox on WINDOWS (90314fd9-4779-4c12-ba6f-9797a5c48d2d)] -> xpath: //select[@id='makes']]
2022-05-20 19:05:225 INFO  SearchCarsPage :56 - Selecting from Model field : [[FirefoxDriver: firefox on WINDOWS (90314fd9-4779-4c12-ba6f-9797a5c48d2d)] -> xpath: //select[@id='models']]
2022-05-20 19:05:461 INFO  SearchCarsPage :61 - Selecting from Location field : [[FirefoxDriver: firefox on WINDOWS (90314fd9-4779-4c12-ba6f-9797a5c48d2d)] -> xpath: //select[@id='locations']]
2022-05-20 19:05:701 INFO  SearchCarsPage :66 - Selecting from Price field : [[FirefoxDriver: firefox on WINDOWS (90314fd9-4779-4c12-ba6f-9797a5c48d2d)] -> xpath: //select[@id='priceTo']]
2022-05-20 19:05:835 INFO  SearchCarsPage :71 - Clicking on Find My Next Car Button : [[FirefoxDriver: firefox on WINDOWS (90314fd9-4779-4c12-ba6f-9797a5c48d2d)] -> xpath: //input[@id='search-submit']]
2022-05-20 19:05:184 INFO  HomePage :35 - Hovering on 'Buy + Sell' : [[FirefoxDriver: firefox on WINDOWS (dddd8fca-052f-477e-8dfe-0c11d8a39373)] -> xpath: //a[normalize-space()='buy + sell']]
2022-05-20 19:05:767 INFO  HomePage :39 - Clicking on Search Cars : [[FirefoxDriver: firefox on WINDOWS (dddd8fca-052f-477e-8dfe-0c11d8a39373)] -> xpath: //a[contains(text(),'Search Cars')]]
2022-05-20 19:05:68 INFO  SearchCarsPage :43 - Clicking on new and used cars link : [[FirefoxDriver: firefox on WINDOWS (dddd8fca-052f-477e-8dfe-0c11d8a39373)] -> xpath: //label[normalize-space()='All new & used cars']]
2022-05-20 19:05:446 INFO  SearchCarsPage :51 - Selecting from Make field : [[FirefoxDriver: firefox on WINDOWS (dddd8fca-052f-477e-8dfe-0c11d8a39373)] -> xpath: //select[@id='makes']]
2022-05-20 19:05:465 INFO  SearchCarsPage :56 - Selecting from Model field : [[FirefoxDriver: firefox on WINDOWS (dddd8fca-052f-477e-8dfe-0c11d8a39373)] -> xpath: //select[@id='models']]
2022-05-20 19:05:701 INFO  SearchCarsPage :61 - Selecting from Location field : [[FirefoxDriver: firefox on WINDOWS (dddd8fca-052f-477e-8dfe-0c11d8a39373)] -> xpath: //select[@id='locations']]
2022-05-20 19:05:940 INFO  SearchCarsPage :66 - Selecting from Price field : [[FirefoxDriver: firefox on WINDOWS (dddd8fca-052f-477e-8dfe-0c11d8a39373)] -> xpath: //select[@id='priceTo']]
2022-05-20 19:05:871 INFO  SearchCarsPage :71 - Clicking on Find My Next Car Button : [[FirefoxDriver: firefox on WINDOWS (dddd8fca-052f-477e-8dfe-0c11d8a39373)] -> xpath: //input[@id='search-submit']]
2022-05-20 19:05:118 INFO  HomePage :35 - Hovering on 'Buy + Sell' : [[FirefoxDriver: firefox on WINDOWS (b84f3f89-d1b7-41bb-85fa-4e561ab58ad4)] -> xpath: //a[normalize-space()='buy + sell']]
2022-05-20 19:05:618 INFO  HomePage :35 - Hovering on 'Buy + Sell' : [[FirefoxDriver: firefox on WINDOWS (7ca7aeda-5acf-49d5-876b-b8557783b749)] -> xpath: //a[normalize-space()='buy + sell']]
2022-05-20 19:05:538 INFO  HomePage :39 - Clicking on Search Cars : [[FirefoxDriver: firefox on WINDOWS (7ca7aeda-5acf-49d5-876b-b8557783b749)] -> xpath: //a[contains(text(),'Search Cars')]]
2022-05-20 19:05:03 INFO  SearchCarsPage :43 - Clicking on new and used cars link : [[FirefoxDriver: firefox on WINDOWS (7ca7aeda-5acf-49d5-876b-b8557783b749)] -> xpath: //label[normalize-space()='All new & used cars']]
2022-05-20 19:05:275 INFO  SearchCarsPage :51 - Selecting from Make field : [[FirefoxDriver: firefox on WINDOWS (7ca7aeda-5acf-49d5-876b-b8557783b749)] -> xpath: //select[@id='makes']]
2022-05-20 19:05:665 INFO  SearchCarsPage :56 - Selecting from Model field : [[FirefoxDriver: firefox on WINDOWS (7ca7aeda-5acf-49d5-876b-b8557783b749)] -> xpath: //select[@id='models']]
2022-05-20 19:05:937 INFO  SearchCarsPage :61 - Selecting from Location field : [[FirefoxDriver: firefox on WINDOWS (7ca7aeda-5acf-49d5-876b-b8557783b749)] -> xpath: //select[@id='locations']]
2022-05-20 19:05:308 INFO  SearchCarsPage :66 - Selecting from Price field : [[FirefoxDriver: firefox on WINDOWS (7ca7aeda-5acf-49d5-876b-b8557783b749)] -> xpath: //select[@id='priceTo']]
2022-05-20 19:05:495 INFO  SearchCarsPage :71 - Clicking on Find My Next Car Button : [[FirefoxDriver: firefox on WINDOWS (7ca7aeda-5acf-49d5-876b-b8557783b749)] -> xpath: //input[@id='search-submit']]
2022-05-20 19:05:493 INFO  HomePage :35 - Hovering on 'Buy + Sell' : [[FirefoxDriver: firefox on WINDOWS (65b94aae-e1f4-4b5b-9fd8-520be1a1f8f9)] -> xpath: //a[normalize-space()='buy + sell']]
2022-05-20 19:05:386 INFO  HomePage :39 - Clicking on Search Cars : [[FirefoxDriver: firefox on WINDOWS (65b94aae-e1f4-4b5b-9fd8-520be1a1f8f9)] -> xpath: //a[contains(text(),'Search Cars')]]
2022-05-20 19:05:660 INFO  SearchCarsPage :43 - Clicking on new and used cars link : [[FirefoxDriver: firefox on WINDOWS (65b94aae-e1f4-4b5b-9fd8-520be1a1f8f9)] -> xpath: //label[normalize-space()='All new & used cars']]
2022-05-20 19:05:245 INFO  SearchCarsPage :51 - Selecting from Make field : [[FirefoxDriver: firefox on WINDOWS (65b94aae-e1f4-4b5b-9fd8-520be1a1f8f9)] -> xpath: //select[@id='makes']]
2022-05-20 19:05:495 INFO  SearchCarsPage :56 - Selecting from Model field : [[FirefoxDriver: firefox on WINDOWS (65b94aae-e1f4-4b5b-9fd8-520be1a1f8f9)] -> xpath: //select[@id='models']]
2022-05-20 19:05:734 INFO  SearchCarsPage :61 - Selecting from Location field : [[FirefoxDriver: firefox on WINDOWS (65b94aae-e1f4-4b5b-9fd8-520be1a1f8f9)] -> xpath: //select[@id='locations']]
2022-05-20 19:05:973 INFO  SearchCarsPage :66 - Selecting from Price field : [[FirefoxDriver: firefox on WINDOWS (65b94aae-e1f4-4b5b-9fd8-520be1a1f8f9)] -> xpath: //select[@id='priceTo']]
2022-05-20 19:05:52 INFO  SearchCarsPage :71 - Clicking on Find My Next Car Button : [[FirefoxDriver: firefox on WINDOWS (65b94aae-e1f4-4b5b-9fd8-520be1a1f8f9)] -> xpath: //input[@id='search-submit']]
2022-05-20 19:05:578 INFO  HomePage :35 - Hovering on 'Buy + Sell' : [[FirefoxDriver: firefox on WINDOWS (f27d8d96-b951-4f05-a588-bdadd73edf19)] -> xpath: //a[normalize-space()='buy + sell']]
2022-05-20 19:05:724 INFO  HomePage :39 - Clicking on Search Cars : [[FirefoxDriver: firefox on WINDOWS (f27d8d96-b951-4f05-a588-bdadd73edf19)] -> xpath: //a[contains(text(),'Search Cars')]]
2022-05-20 19:05:88 INFO  SearchCarsPage :43 - Clicking on new and used cars link : [[FirefoxDriver: firefox on WINDOWS (f27d8d96-b951-4f05-a588-bdadd73edf19)] -> xpath: //label[normalize-space()='All new & used cars']]
2022-05-20 19:05:452 INFO  SearchCarsPage :51 - Selecting from Make field : [[FirefoxDriver: firefox on WINDOWS (f27d8d96-b951-4f05-a588-bdadd73edf19)] -> xpath: //select[@id='makes']]
2022-05-20 19:05:474 INFO  SearchCarsPage :56 - Selecting from Model field : [[FirefoxDriver: firefox on WINDOWS (f27d8d96-b951-4f05-a588-bdadd73edf19)] -> xpath: //select[@id='models']]
2022-05-20 19:05:720 INFO  SearchCarsPage :61 - Selecting from Location field : [[FirefoxDriver: firefox on WINDOWS (f27d8d96-b951-4f05-a588-bdadd73edf19)] -> xpath: //select[@id='locations']]
2022-05-20 19:05:957 INFO  SearchCarsPage :66 - Selecting from Price field : [[FirefoxDriver: firefox on WINDOWS (f27d8d96-b951-4f05-a588-bdadd73edf19)] -> xpath: //select[@id='priceTo']]
2022-05-20 19:05:640 INFO  SearchCarsPage :71 - Clicking on Find My Next Car Button : [[FirefoxDriver: firefox on WINDOWS (f27d8d96-b951-4f05-a588-bdadd73edf19)] -> xpath: //input[@id='search-submit']]
2022-05-20 19:05:685 INFO  HomePage :35 - Hovering on 'Buy + Sell' : [[FirefoxDriver: firefox on WINDOWS (facaddc7-9f03-4143-968f-a54a427837ea)] -> xpath: //a[normalize-space()='buy + sell']]
2022-05-20 19:05:66 INFO  HomePage :39 - Clicking on Search Cars : [[FirefoxDriver: firefox on WINDOWS (facaddc7-9f03-4143-968f-a54a427837ea)] -> xpath: //a[contains(text(),'Search Cars')]]
2022-05-20 19:05:397 INFO  SearchCarsPage :43 - Clicking on new and used cars link : [[FirefoxDriver: firefox on WINDOWS (facaddc7-9f03-4143-968f-a54a427837ea)] -> xpath: //label[normalize-space()='All new & used cars']]
2022-05-20 19:05:752 INFO  SearchCarsPage :51 - Selecting from Make field : [[FirefoxDriver: firefox on WINDOWS (facaddc7-9f03-4143-968f-a54a427837ea)] -> xpath: //select[@id='makes']]
2022-05-20 19:05:776 INFO  SearchCarsPage :56 - Selecting from Model field : [[FirefoxDriver: firefox on WINDOWS (facaddc7-9f03-4143-968f-a54a427837ea)] -> xpath: //select[@id='models']]
2022-05-20 19:05:35 INFO  SearchCarsPage :61 - Selecting from Location field : [[FirefoxDriver: firefox on WINDOWS (facaddc7-9f03-4143-968f-a54a427837ea)] -> xpath: //select[@id='locations']]
2022-05-20 19:05:279 INFO  SearchCarsPage :66 - Selecting from Price field : [[FirefoxDriver: firefox on WINDOWS (facaddc7-9f03-4143-968f-a54a427837ea)] -> xpath: //select[@id='priceTo']]
2022-05-20 19:05:719 INFO  SearchCarsPage :71 - Clicking on Find My Next Car Button : [[FirefoxDriver: firefox on WINDOWS (facaddc7-9f03-4143-968f-a54a427837ea)] -> xpath: //input[@id='search-submit']]
2022-05-20 19:05:863 INFO  HomePage :35 - Hovering on 'Buy + Sell' : [[FirefoxDriver: firefox on WINDOWS (7f98d7c0-8b5d-4b51-9c41-49fb008195e1)] -> xpath: //a[normalize-space()='buy + sell']]
2022-05-20 19:05:117 INFO  HomePage :39 - Clicking on Search Cars : [[FirefoxDriver: firefox on WINDOWS (7f98d7c0-8b5d-4b51-9c41-49fb008195e1)] -> xpath: //a[contains(text(),'Search Cars')]]
2022-05-20 19:05:433 INFO  SearchCarsPage :43 - Clicking on new and used cars link : [[FirefoxDriver: firefox on WINDOWS (7f98d7c0-8b5d-4b51-9c41-49fb008195e1)] -> xpath: //label[normalize-space()='All new & used cars']]
2022-05-20 19:05:729 INFO  SearchCarsPage :51 - Selecting from Make field : [[FirefoxDriver: firefox on WINDOWS (7f98d7c0-8b5d-4b51-9c41-49fb008195e1)] -> xpath: //select[@id='makes']]
2022-05-20 19:05:993 INFO  SearchCarsPage :56 - Selecting from Model field : [[FirefoxDriver: firefox on WINDOWS (7f98d7c0-8b5d-4b51-9c41-49fb008195e1)] -> xpath: //select[@id='models']]
2022-05-20 19:05:226 INFO  SearchCarsPage :61 - Selecting from Location field : [[FirefoxDriver: firefox on WINDOWS (7f98d7c0-8b5d-4b51-9c41-49fb008195e1)] -> xpath: //select[@id='locations']]
2022-05-20 19:05:463 INFO  SearchCarsPage :66 - Selecting from Price field : [[FirefoxDriver: firefox on WINDOWS (7f98d7c0-8b5d-4b51-9c41-49fb008195e1)] -> xpath: //select[@id='priceTo']]
2022-05-20 19:05:607 INFO  SearchCarsPage :71 - Clicking on Find My Next Car Button : [[FirefoxDriver: firefox on WINDOWS (7f98d7c0-8b5d-4b51-9c41-49fb008195e1)] -> xpath: //input[@id='search-submit']]
2022-05-20 19:05:573 INFO  HomePage :35 - Hovering on 'Buy + Sell' : [[FirefoxDriver: firefox on WINDOWS (5b6fd507-24ca-4651-89dc-7b68efff9ac9)] -> xpath: //a[normalize-space()='buy + sell']]
2022-05-20 19:05:386 INFO  HomePage :39 - Clicking on Search Cars : [[FirefoxDriver: firefox on WINDOWS (5b6fd507-24ca-4651-89dc-7b68efff9ac9)] -> xpath: //a[contains(text(),'Search Cars')]]
2022-05-20 19:05:741 INFO  SearchCarsPage :43 - Clicking on new and used cars link : [[FirefoxDriver: firefox on WINDOWS (5b6fd507-24ca-4651-89dc-7b68efff9ac9)] -> xpath: //label[normalize-space()='All new & used cars']]
2022-05-20 19:05:193 INFO  SearchCarsPage :51 - Selecting from Make field : [[FirefoxDriver: firefox on WINDOWS (5b6fd507-24ca-4651-89dc-7b68efff9ac9)] -> xpath: //select[@id='makes']]
2022-05-20 19:05:211 INFO  SearchCarsPage :56 - Selecting from Model field : [[FirefoxDriver: firefox on WINDOWS (5b6fd507-24ca-4651-89dc-7b68efff9ac9)] -> xpath: //select[@id='models']]
2022-05-20 19:05:235 INFO  SearchCarsPage :61 - Selecting from Location field : [[FirefoxDriver: firefox on WINDOWS (5b6fd507-24ca-4651-89dc-7b68efff9ac9)] -> xpath: //select[@id='locations']]
2022-05-20 19:05:482 INFO  SearchCarsPage :66 - Selecting from Price field : [[FirefoxDriver: firefox on WINDOWS (5b6fd507-24ca-4651-89dc-7b68efff9ac9)] -> xpath: //select[@id='priceTo']]
2022-05-20 19:05:47 INFO  SearchCarsPage :71 - Clicking on Find My Next Car Button : [[FirefoxDriver: firefox on WINDOWS (5b6fd507-24ca-4651-89dc-7b68efff9ac9)] -> xpath: //input[@id='search-submit']]
2022-05-20 19:05:588 INFO  HomePage :35 - Hovering on 'Buy + Sell' : [[FirefoxDriver: firefox on WINDOWS (6b0e0782-c79b-44b3-bd89-a4f4756c9ed8)] -> xpath: //a[normalize-space()='buy + sell']]
2022-05-20 19:05:187 INFO  HomePage :30 - Clicking on used cars : [[FirefoxDriver: firefox on WINDOWS (6b0e0782-c79b-44b3-bd89-a4f4756c9ed8)] -> xpath: //a[normalize-space()='Used']]
2022-05-20 19:05:465 INFO  HomePage :35 - Hovering on 'Buy + Sell' : [[FirefoxDriver: firefox on WINDOWS (67b1c561-b124-4652-8a2c-91f6d4954a47)] -> xpath: //a[normalize-space()='buy + sell']]
2022-05-20 19:05:370 INFO  HomePage :30 - Clicking on used cars : [[FirefoxDriver: firefox on WINDOWS (67b1c561-b124-4652-8a2c-91f6d4954a47)] -> xpath: //a[normalize-space()='Used']]
2022-05-20 19:05:220 INFO  HomePage :35 - Hovering on 'Buy + Sell' : [[FirefoxDriver: firefox on WINDOWS (3881f22f-9d23-4eab-8cbb-eb4928b43bc9)] -> xpath: //a[normalize-space()='buy + sell']]
2022-05-20 19:05:854 INFO  HomePage :30 - Clicking on used cars : [[FirefoxDriver: firefox on WINDOWS (3881f22f-9d23-4eab-8cbb-eb4928b43bc9)] -> xpath: //a[normalize-space()='Used']]
2022-05-20 19:05:825 INFO  HomePage :35 - Hovering on 'Buy + Sell' : [[FirefoxDriver: firefox on WINDOWS (84a137bd-d029-4b1e-a992-a7a0b88039b6)] -> xpath: //a[normalize-space()='buy + sell']]
2022-05-20 19:05:118 INFO  HomePage :30 - Clicking on used cars : [[FirefoxDriver: firefox on WINDOWS (84a137bd-d029-4b1e-a992-a7a0b88039b6)] -> xpath: //a[normalize-space()='Used']]
2022-05-20 19:05:382 INFO  HomePage :35 - Hovering on 'Buy + Sell' : [[FirefoxDriver: firefox on WINDOWS (4c75de55-c67a-44c2-8cb0-1882baa4c948)] -> xpath: //a[normalize-space()='buy + sell']]
2022-05-20 19:05:765 INFO  HomePage :30 - Clicking on used cars : [[FirefoxDriver: firefox on WINDOWS (4c75de55-c67a-44c2-8cb0-1882baa4c948)] -> xpath: //a[normalize-space()='Used']]
2022-05-20 19:05:715 INFO  HomePage :35 - Hovering on 'Buy + Sell' : [[FirefoxDriver: firefox on WINDOWS (5cdc1e07-bd2a-463d-8bab-c56fb8228c88)] -> xpath: //a[normalize-space()='buy + sell']]
2022-05-20 19:05:222 INFO  HomePage :30 - Clicking on used cars : [[FirefoxDriver: firefox on WINDOWS (5cdc1e07-bd2a-463d-8bab-c56fb8228c88)] -> xpath: //a[normalize-space()='Used']]
2022-05-20 20:05:684 INFO  HomePage :35 - Hovering on 'Buy + Sell' : [[FirefoxDriver: firefox on WINDOWS (87d6f337-6049-4a48-be51-0d2468fa337b)] -> xpath: //a[normalize-space()='buy + sell']]
2022-05-20 20:05:521 INFO  HomePage :39 - Clicking on Search Cars : [[FirefoxDriver: firefox on WINDOWS (87d6f337-6049-4a48-be51-0d2468fa337b)] -> xpath: //a[contains(text(),'Search Cars')]]
2022-05-20 20:05:952 INFO  SearchCarsPage :43 - Clicking on new and used cars link : [[FirefoxDriver: firefox on WINDOWS (87d6f337-6049-4a48-be51-0d2468fa337b)] -> xpath: //label[normalize-space()='All new & used cars']]
2022-05-20 20:05:339 INFO  SearchCarsPage :51 - Selecting from Make field : [[FirefoxDriver: firefox on WINDOWS (87d6f337-6049-4a48-be51-0d2468fa337b)] -> xpath: //select[@id='makes']]
2022-05-20 20:05:621 INFO  SearchCarsPage :56 - Selecting from Model field : [[FirefoxDriver: firefox on WINDOWS (87d6f337-6049-4a48-be51-0d2468fa337b)] -> xpath: //select[@id='models']]
2022-05-20 20:05:875 INFO  SearchCarsPage :61 - Selecting from Location field : [[FirefoxDriver: firefox on WINDOWS (87d6f337-6049-4a48-be51-0d2468fa337b)] -> xpath: //select[@id='locations']]
2022-05-20 20:05:122 INFO  SearchCarsPage :66 - Selecting from Price field : [[FirefoxDriver: firefox on WINDOWS (87d6f337-6049-4a48-be51-0d2468fa337b)] -> xpath: //select[@id='priceTo']]
2022-05-20 20:05:534 INFO  SearchCarsPage :71 - Clicking on Find My Next Car Button : [[FirefoxDriver: firefox on WINDOWS (87d6f337-6049-4a48-be51-0d2468fa337b)] -> xpath: //input[@id='search-submit']]
2022-05-20 20:05:162 INFO  HomePage :35 - Hovering on 'Buy + Sell' : [[FirefoxDriver: firefox on WINDOWS (4fd9427e-e740-448c-b593-754f06e5ea88)] -> xpath: //a[normalize-space()='buy + sell']]
2022-05-20 20:05:442 INFO  HomePage :39 - Clicking on Search Cars : [[FirefoxDriver: firefox on WINDOWS (4fd9427e-e740-448c-b593-754f06e5ea88)] -> xpath: //a[contains(text(),'Search Cars')]]
2022-05-20 20:05:84 INFO  SearchCarsPage :43 - Clicking on new and used cars link : [[FirefoxDriver: firefox on WINDOWS (4fd9427e-e740-448c-b593-754f06e5ea88)] -> xpath: //label[normalize-space()='All new & used cars']]
2022-05-20 20:05:990 INFO  SearchCarsPage :51 - Selecting from Make field : [[FirefoxDriver: firefox on WINDOWS (4fd9427e-e740-448c-b593-754f06e5ea88)] -> xpath: //select[@id='makes']]
2022-05-20 20:05:425 INFO  HomePage :35 - Hovering on 'Buy + Sell' : [[FirefoxDriver: firefox on WINDOWS (8ae4f074-aed2-48f6-a547-2ed42a85611a)] -> xpath: //a[normalize-space()='buy + sell']]
2022-05-20 20:05:213 INFO  HomePage :39 - Clicking on Search Cars : [[FirefoxDriver: firefox on WINDOWS (8ae4f074-aed2-48f6-a547-2ed42a85611a)] -> xpath: //a[contains(text(),'Search Cars')]]
2022-05-20 20:05:537 INFO  SearchCarsPage :43 - Clicking on new and used cars link : [[FirefoxDriver: firefox on WINDOWS (8ae4f074-aed2-48f6-a547-2ed42a85611a)] -> xpath: //label[normalize-space()='All new & used cars']]
2022-05-20 20:05:92 INFO  SearchCarsPage :51 - Selecting from Make field : [[FirefoxDriver: firefox on WINDOWS (8ae4f074-aed2-48f6-a547-2ed42a85611a)] -> xpath: //select[@id='makes']]
2022-05-20 20:05:403 INFO  SearchCarsPage :56 - Selecting from Model field : [[FirefoxDriver: firefox on WINDOWS (8ae4f074-aed2-48f6-a547-2ed42a85611a)] -> xpath: //select[@id='models']]
2022-05-20 20:05:672 INFO  SearchCarsPage :61 - Selecting from Location field : [[FirefoxDriver: firefox on WINDOWS (8ae4f074-aed2-48f6-a547-2ed42a85611a)] -> xpath: //select[@id='locations']]
2022-05-20 20:05:928 INFO  SearchCarsPage :66 - Selecting from Price field : [[FirefoxDriver: firefox on WINDOWS (8ae4f074-aed2-48f6-a547-2ed42a85611a)] -> xpath: //select[@id='priceTo']]
2022-05-20 20:05:221 INFO  SearchCarsPage :71 - Clicking on Find My Next Car Button : [[FirefoxDriver: firefox on WINDOWS (8ae4f074-aed2-48f6-a547-2ed42a85611a)] -> xpath: //input[@id='search-submit']]
2022-05-20 20:05:605 INFO  HomePage :35 - Hovering on 'Buy + Sell' : [[FirefoxDriver: firefox on WINDOWS (a2e3a2ac-bf0c-4651-b094-9063bf0cac56)] -> xpath: //a[normalize-space()='buy + sell']]
2022-05-20 20:05:689 INFO  HomePage :39 - Clicking on Search Cars : [[FirefoxDriver: firefox on WINDOWS (a2e3a2ac-bf0c-4651-b094-9063bf0cac56)] -> xpath: //a[contains(text(),'Search Cars')]]
2022-05-20 20:05:104 INFO  SearchCarsPage :43 - Clicking on new and used cars link : [[FirefoxDriver: firefox on WINDOWS (a2e3a2ac-bf0c-4651-b094-9063bf0cac56)] -> xpath: //label[normalize-space()='All new & used cars']]
2022-05-20 20:05:680 INFO  SearchCarsPage :51 - Selecting from Make field : [[FirefoxDriver: firefox on WINDOWS (a2e3a2ac-bf0c-4651-b094-9063bf0cac56)] -> xpath: //select[@id='makes']]
2022-05-20 20:05:933 INFO  SearchCarsPage :56 - Selecting from Model field : [[FirefoxDriver: firefox on WINDOWS (a2e3a2ac-bf0c-4651-b094-9063bf0cac56)] -> xpath: //select[@id='models']]
2022-05-20 20:05:189 INFO  SearchCarsPage :61 - Selecting from Location field : [[FirefoxDriver: firefox on WINDOWS (a2e3a2ac-bf0c-4651-b094-9063bf0cac56)] -> xpath: //select[@id='locations']]
2022-05-20 20:05:434 INFO  SearchCarsPage :66 - Selecting from Price field : [[FirefoxDriver: firefox on WINDOWS (a2e3a2ac-bf0c-4651-b094-9063bf0cac56)] -> xpath: //select[@id='priceTo']]
2022-05-20 20:05:388 INFO  SearchCarsPage :71 - Clicking on Find My Next Car Button : [[FirefoxDriver: firefox on WINDOWS (a2e3a2ac-bf0c-4651-b094-9063bf0cac56)] -> xpath: //input[@id='search-submit']]
2022-05-20 20:05:604 INFO  HomePage :35 - Hovering on 'Buy + Sell' : [[FirefoxDriver: firefox on WINDOWS (57c9f2cd-cd9c-412b-a8bc-e1fe40129dfb)] -> xpath: //a[normalize-space()='buy + sell']]
2022-05-20 20:05:819 INFO  HomePage :35 - Hovering on 'Buy + Sell' : [[FirefoxDriver: firefox on WINDOWS (e3d30639-1c06-45d5-9397-746e94ffd9c3)] -> xpath: //a[normalize-space()='buy + sell']]
2022-05-20 20:05:134 INFO  HomePage :39 - Clicking on Search Cars : [[FirefoxDriver: firefox on WINDOWS (e3d30639-1c06-45d5-9397-746e94ffd9c3)] -> xpath: //a[contains(text(),'Search Cars')]]
2022-05-20 20:05:547 INFO  SearchCarsPage :43 - Clicking on new and used cars link : [[FirefoxDriver: firefox on WINDOWS (e3d30639-1c06-45d5-9397-746e94ffd9c3)] -> xpath: //label[normalize-space()='All new & used cars']]
2022-05-20 20:05:17 INFO  SearchCarsPage :51 - Selecting from Make field : [[FirefoxDriver: firefox on WINDOWS (e3d30639-1c06-45d5-9397-746e94ffd9c3)] -> xpath: //select[@id='makes']]
2022-05-20 20:05:41 INFO  SearchCarsPage :56 - Selecting from Model field : [[FirefoxDriver: firefox on WINDOWS (e3d30639-1c06-45d5-9397-746e94ffd9c3)] -> xpath: //select[@id='models']]
2022-05-20 20:05:303 INFO  SearchCarsPage :61 - Selecting from Location field : [[FirefoxDriver: firefox on WINDOWS (e3d30639-1c06-45d5-9397-746e94ffd9c3)] -> xpath: //select[@id='locations']]
2022-05-20 20:05:553 INFO  SearchCarsPage :66 - Selecting from Price field : [[FirefoxDriver: firefox on WINDOWS (e3d30639-1c06-45d5-9397-746e94ffd9c3)] -> xpath: //select[@id='priceTo']]
2022-05-20 20:05:622 INFO  SearchCarsPage :71 - Clicking on Find My Next Car Button : [[FirefoxDriver: firefox on WINDOWS (e3d30639-1c06-45d5-9397-746e94ffd9c3)] -> xpath: //input[@id='search-submit']]
2022-05-20 20:05:874 INFO  HomePage :35 - Hovering on 'Buy + Sell' : [[FirefoxDriver: firefox on WINDOWS (33ed198a-c6a6-45a3-9f36-f574e2f48936)] -> xpath: //a[normalize-space()='buy + sell']]
2022-05-20 20:05:623 INFO  HomePage :39 - Clicking on Search Cars : [[FirefoxDriver: firefox on WINDOWS (33ed198a-c6a6-45a3-9f36-f574e2f48936)] -> xpath: //a[contains(text(),'Search Cars')]]
2022-05-20 20:05:09 INFO  SearchCarsPage :43 - Clicking on new and used cars link : [[FirefoxDriver: firefox on WINDOWS (33ed198a-c6a6-45a3-9f36-f574e2f48936)] -> xpath: //label[normalize-space()='All new & used cars']]
2022-05-20 20:05:735 INFO  SearchCarsPage :51 - Selecting from Make field : [[FirefoxDriver: firefox on WINDOWS (33ed198a-c6a6-45a3-9f36-f574e2f48936)] -> xpath: //select[@id='makes']]
2022-05-20 20:05:253 INFO  SearchCarsPage :56 - Selecting from Model field : [[FirefoxDriver: firefox on WINDOWS (33ed198a-c6a6-45a3-9f36-f574e2f48936)] -> xpath: //select[@id='models']]
2022-05-20 20:05:543 INFO  SearchCarsPage :61 - Selecting from Location field : [[FirefoxDriver: firefox on WINDOWS (33ed198a-c6a6-45a3-9f36-f574e2f48936)] -> xpath: //select[@id='locations']]
2022-05-20 20:05:881 INFO  SearchCarsPage :66 - Selecting from Price field : [[FirefoxDriver: firefox on WINDOWS (33ed198a-c6a6-45a3-9f36-f574e2f48936)] -> xpath: //select[@id='priceTo']]
2022-05-20 20:05:479 INFO  SearchCarsPage :71 - Clicking on Find My Next Car Button : [[FirefoxDriver: firefox on WINDOWS (33ed198a-c6a6-45a3-9f36-f574e2f48936)] -> xpath: //input[@id='search-submit']]
2022-05-20 20:05:594 INFO  HomePage :35 - Hovering on 'Buy + Sell' : [[FirefoxDriver: firefox on WINDOWS (e29f5503-4324-479b-84b3-a03fd4beef85)] -> xpath: //a[normalize-space()='buy + sell']]
2022-05-20 20:05:405 INFO  HomePage :39 - Clicking on Search Cars : [[FirefoxDriver: firefox on WINDOWS (e29f5503-4324-479b-84b3-a03fd4beef85)] -> xpath: //a[contains(text(),'Search Cars')]]
2022-05-20 20:05:230 INFO  SearchCarsPage :43 - Clicking on new and used cars link : [[FirefoxDriver: firefox on WINDOWS (e29f5503-4324-479b-84b3-a03fd4beef85)] -> xpath: //label[normalize-space()='All new & used cars']]
2022-05-20 20:05:778 INFO  SearchCarsPage :51 - Selecting from Make field : [[FirefoxDriver: firefox on WINDOWS (e29f5503-4324-479b-84b3-a03fd4beef85)] -> xpath: //select[@id='makes']]
2022-05-20 20:05:806 INFO  SearchCarsPage :56 - Selecting from Model field : [[FirefoxDriver: firefox on WINDOWS (e29f5503-4324-479b-84b3-a03fd4beef85)] -> xpath: //select[@id='models']]
2022-05-20 20:05:829 INFO  SearchCarsPage :61 - Selecting from Location field : [[FirefoxDriver: firefox on WINDOWS (e29f5503-4324-479b-84b3-a03fd4beef85)] -> xpath: //select[@id='locations']]
2022-05-20 20:05:75 INFO  SearchCarsPage :66 - Selecting from Price field : [[FirefoxDriver: firefox on WINDOWS (e29f5503-4324-479b-84b3-a03fd4beef85)] -> xpath: //select[@id='priceTo']]
2022-05-20 20:05:347 INFO  SearchCarsPage :71 - Clicking on Find My Next Car Button : [[FirefoxDriver: firefox on WINDOWS (e29f5503-4324-479b-84b3-a03fd4beef85)] -> xpath: //input[@id='search-submit']]
2022-05-20 20:05:937 INFO  HomePage :35 - Hovering on 'Buy + Sell' : [[FirefoxDriver: firefox on WINDOWS (aff18abd-1f3b-4ecd-970f-8bc85dbcaacf)] -> xpath: //a[normalize-space()='buy + sell']]
2022-05-20 20:05:524 INFO  HomePage :30 - Clicking on used cars : [[FirefoxDriver: firefox on WINDOWS (aff18abd-1f3b-4ecd-970f-8bc85dbcaacf)] -> xpath: //a[normalize-space()='Used']]
2022-05-20 20:05:354 INFO  HomePage :35 - Hovering on 'Buy + Sell' : [[FirefoxDriver: firefox on WINDOWS (5bbebe3d-8fd3-46cb-9a23-33372cfbf135)] -> xpath: //a[normalize-space()='buy + sell']]
2022-05-20 20:05:879 INFO  HomePage :30 - Clicking on used cars : [[FirefoxDriver: firefox on WINDOWS (5bbebe3d-8fd3-46cb-9a23-33372cfbf135)] -> xpath: //a[normalize-space()='Used']]
2022-05-20 20:05:631 INFO  HomePage :35 - Hovering on 'Buy + Sell' : [[FirefoxDriver: firefox on WINDOWS (8fa3e221-9e25-4862-82b5-4562e662a6b3)] -> xpath: //a[normalize-space()='buy + sell']]
2022-05-20 20:05:646 INFO  HomePage :30 - Clicking on used cars : [[FirefoxDriver: firefox on WINDOWS (8fa3e221-9e25-4862-82b5-4562e662a6b3)] -> xpath: //a[normalize-space()='Used']]
2022-05-20 20:05:824 INFO  HomePage :35 - Hovering on 'Buy + Sell' : [[FirefoxDriver: firefox on WINDOWS (88fb12e0-5fe6-4110-bf43-54e26872a47d)] -> xpath: //a[normalize-space()='buy + sell']]
2022-05-20 20:05:367 INFO  HomePage :30 - Clicking on used cars : [[FirefoxDriver: firefox on WINDOWS (88fb12e0-5fe6-4110-bf43-54e26872a47d)] -> xpath: //a[normalize-space()='Used']]
2022-05-20 20:05:694 INFO  HomePage :35 - Hovering on 'Buy + Sell' : [[FirefoxDriver: firefox on WINDOWS (3904c9ad-a5e5-4aca-b1ae-e2f65c7cd5b6)] -> xpath: //a[normalize-space()='buy + sell']]
2022-05-20 20:05:148 INFO  HomePage :30 - Clicking on used cars : [[FirefoxDriver: firefox on WINDOWS (3904c9ad-a5e5-4aca-b1ae-e2f65c7cd5b6)] -> xpath: //a[normalize-space()='Used']]
2022-05-20 20:05:654 INFO  HomePage :35 - Hovering on 'Buy + Sell' : [[FirefoxDriver: firefox on WINDOWS (676104a2-592c-42e0-9754-6c2e42331bcf)] -> xpath: //a[normalize-space()='buy + sell']]
2022-05-20 20:05:201 INFO  HomePage :30 - Clicking on used cars : [[FirefoxDriver: firefox on WINDOWS (676104a2-592c-42e0-9754-6c2e42331bcf)] -> xpath: //a[normalize-space()='Used']]
